Determining if the pthread_create exist failed with the following output:
Change Dir: /home/workspace/SFND_Lidar_Obstacle_Detection/src/quiz/ransac3d/build/CMakeFiles/CMakeTmp

Run Build Command:"/usr/bin/make" "cmTC_ab33a/fast"
/usr/bin/make -f CMakeFiles/cmTC_ab33a.dir/build.make CMakeFiles/cmTC_ab33a.dir/build
make[1]: Entering directory '/workspace/home/SFND_Lidar_Obstacle_Detection/src/quiz/ransac3d/build/CMakeFiles/CMakeTmp'
Building C object CMakeFiles/cmTC_ab33a.dir/CheckSymbolExists.c.o
/usr/bin/cc    -o CMakeFiles/cmTC_ab33a.dir/CheckSymbolExists.c.o   -c /home/workspace/SFND_Lidar_Obstacle_Detection/src/quiz/ransac3d/build/CMakeFiles/CMakeTmp/CheckSymbolExists.c
Linking C executable cmTC_ab33a
/usr/local/bin/cmake -E cmake_link_script CMakeFiles/cmTC_ab33a.dir/link.txt --verbose=1
/usr/bin/cc      -rdynamic CMakeFiles/cmTC_ab33a.dir/CheckSymbolExists.c.o  -o cmTC_ab33a 
CMakeFiles/cmTC_ab33a.dir/CheckSymbolExists.c.o: In function `main':
CheckSymbolExists.c:(.text+0x16): undefined reference to `pthread_create'
collect2: error: ld returned 1 exit status
CMakeFiles/cmTC_ab33a.dir/build.make:86: recipe for target 'cmTC_ab33a' failed
make[1]: *** [cmTC_ab33a] Error 1
make[1]: Leaving directory '/workspace/home/SFND_Lidar_Obstacle_Detection/src/quiz/ransac3d/build/CMakeFiles/CMakeTmp'
Makefile:121: recipe for target 'cmTC_ab33a/fast' failed
make: *** [cmTC_ab33a/fast] Error 2

File /home/workspace/SFND_Lidar_Obstacle_Detection/src/quiz/ransac3d/build/CMakeFiles/CMakeTmp/CheckSymbolExists.c:
/* */
#include <pthread.h>

int main(int argc, char** argv)
{
  (void)argv;
#ifndef pthread_create
  return ((int*)(&pthread_create))[argc];
#else
  (void)argc;
  return 0;
#endif
}

Determining if the function pthread_create exists in the pthreads failed with the following output:
Change Dir: /home/workspace/SFND_Lidar_Obstacle_Detection/src/quiz/ransac3d/build/CMakeFiles/CMakeTmp

Run Build Command:"/usr/bin/make" "cmTC_bd4c4/fast"
/usr/bin/make -f CMakeFiles/cmTC_bd4c4.dir/build.make CMakeFiles/cmTC_bd4c4.dir/build
make[1]: Entering directory '/workspace/home/SFND_Lidar_Obstacle_Detection/src/quiz/ransac3d/build/CMakeFiles/CMakeTmp'
Building C object CMakeFiles/cmTC_bd4c4.dir/CheckFunctionExists.c.o
/usr/bin/cc   -DCHECK_FUNCTION_EXISTS=pthread_create   -o CMakeFiles/cmTC_bd4c4.dir/CheckFunctionExists.c.o   -c /usr/local/share/cmake-3.13/Modules/CheckFunctionExists.c
Linking C executable cmTC_bd4c4
/usr/local/bin/cmake -E cmake_link_script CMakeFiles/cmTC_bd4c4.dir/link.txt --verbose=1
/usr/bin/cc  -DCHECK_FUNCTION_EXISTS=pthread_create    -rdynamic CMakeFiles/cmTC_bd4c4.dir/CheckFunctionExists.c.o  -o cmTC_bd4c4 -lpthreads 
/usr/bin/ld: cannot find -lpthreads
collect2: error: ld returned 1 exit status
CMakeFiles/cmTC_bd4c4.dir/build.make:86: recipe for target 'cmTC_bd4c4' failed
make[1]: *** [cmTC_bd4c4] Error 1
make[1]: Leaving directory '/workspace/home/SFND_Lidar_Obstacle_Detection/src/quiz/ransac3d/build/CMakeFiles/CMakeTmp'
Makefile:121: recipe for target 'cmTC_bd4c4/fast' failed
make: *** [cmTC_bd4c4/fast] Error 2


